<?xml version="1.0" encoding="UTF-8"?>
<testng-results skipped="0" failed="0" ignored="0" total="1" passed="1">
  <reporter-output>
  </reporter-output>
  <suite name="Suite" duration-ms="42471" started-at="2018-05-26T09:07:58Z" finished-at="2018-05-26T09:08:41Z">
    <groups>
    </groups>
    <test name="Test" duration-ms="42471" started-at="2018-05-26T09:07:58Z" finished-at="2018-05-26T09:08:41Z">
      <class name="testcases.LogIn">
        <test-method status="PASS" signature="run()[pri:0, instance:testcases.LogIn@121c9d6]" name="run" duration-ms="42403" started-at="2018-05-26T09:07:58Z" finished-at="2018-05-26T09:08:41Z">
          <reporter-output>
          </reporter-output>
        </test-method> <!-- run -->
      </class> <!-- testcases.LogIn -->
    </test> <!-- Test -->
  </suite> <!-- Suite -->
</testng-results>
